[17:58:11] [main/INFO]: Setting user: Player782
[17:58:13] [Client thread/INFO]: LWJGL Version: 2.9.0
[17:58:16] [Client thread/INFO]: Reloading ResourceManager: Default, FMLFileResourcePack:Forge Mod Loader, FMLFileResourcePack:Minecraft Forge, FMLFileResourcePack:MapWriter
[17:58:17] [Sound Library Loader/INFO]: Sound engine started
[17:58:19] [Client thread/INFO]: Created: 512x256 textures/blocks-atlas
[17:58:20] [Client thread/INFO]: Created: 256x256 textures/items-atlas
[17:58:21] [MCO Availability Checker #1/ERROR]: Couldn't connect to Realms
[17:58:31] [Server thread/INFO]: Starting integrated minecraft server version 1.7.2
[17:58:31] [Server thread/INFO]: Generating keypair
[17:58:31] [Server thread/INFO]: Preparing start region for level 0
[17:58:32] [Server thread/INFO]: Player782[local:E:c015761e] logged in with entity id 37 at (975.1331972080186, 118.0, -250.30000001192093)
[17:58:32] [Server thread/INFO]: Player782 joined the game
[18:00:26] [Server thread/INFO]: Player782 has just earned the achievement [Taking Inventory]
[18:00:26] [Client thread/INFO]: [CHAT] Player782 has just earned the achievement [Taking Inventory]
[18:05:08] [Server thread/INFO]: Saving and pausing game...
[18:05:08] [Server thread/INFO]: Saving chunks for level 'Rivendell_Imladris_Divici'/Overworld
[18:05:08] [Server thread/INFO]: Saving chunks for level 'Rivendell_Imladris_Divici'/Nether
[18:05:08] [Server thread/INFO]: Saving chunks for level 'Rivendell_Imladris_Divici'/The End
[18:05:10] [Server thread/INFO]: Stopping server
[18:05:10] [Server thread/INFO]: Saving players
[18:05:10] [Server thread/INFO]: Saving worlds
[18:05:10] [Server thread/INFO]: Saving chunks for level 'Rivendell_Imladris_Divici'/Overworld
[18:05:10] [Server thread/INFO]: Saving chunks for level 'Rivendell_Imladris_Divici'/Nether
[18:05:10] [Server thread/INFO]: Saving chunks for level 'Rivendell_Imladris_Divici'/The End
[18:05:12] [Client thread/INFO]: Stopping!
